  main.cpp
D:\dhmt\project\OpenGL\main.cpp(137,41): warning C4305: 'argument': truncation from 'double' to 'GLfloat'
D:\dhmt\project\OpenGL\main.cpp(142,44): warning C4305: 'argument': truncation from 'double' to 'GLfloat'
D:\dhmt\project\OpenGL\main.cpp(143,45): warning C4305: 'argument': truncation from 'double' to 'GLfloat'
D:\dhmt\project\OpenGL\main.cpp(170,40): warning C4305: 'argument': truncation from 'double' to 'GLfloat'
D:\dhmt\project\OpenGL\main.cpp(176,44): warning C4305: 'argument': truncation from 'double' to 'GLfloat'
D:\dhmt\project\OpenGL\main.cpp(192,26): warning C4305: 'initializing': truncation from 'double' to 'GLfloat'
D:\dhmt\project\OpenGL\main.cpp(197,17): warning C4305: 'initializing': truncation from 'double' to 'GLfloat'
D:\dhmt\project\OpenGL\main.cpp(197,27): warning C4305: 'initializing': truncation from 'double' to 'GLfloat'
D:\dhmt\project\OpenGL\main.cpp(197,37): warning C4305: 'initializing': truncation from 'double' to 'GLfloat'
D:\dhmt\project\OpenGL\main.cpp(199,46): warning C4305: 'argument': truncation from 'double' to 'float'
D:\dhmt\project\OpenGL\main.cpp(200,31): warning C4244: 'argument': conversion from 'double' to 'float', possible loss of data
D:\dhmt\project\OpenGL\main.cpp(200,50): warning C4305: 'argument': truncation from 'double' to 'float'
D:\dhmt\project\OpenGL\main.cpp(201,46): warning C4305: 'argument': truncation from 'double' to 'float'
D:\dhmt\project\OpenGL\main.cpp(203,47): warning C4305: 'argument': truncation from 'double' to 'float'
D:\dhmt\project\OpenGL\main.cpp(204,47): warning C4305: 'argument': truncation from 'double' to 'float'
D:\dhmt\project\OpenGL\main.cpp(205,47): warning C4305: 'argument': truncation from 'double' to 'float'
D:\dhmt\project\OpenGL\main.cpp(207,32): warning C4244: 'argument': conversion from 'double' to 'float', possible loss of data
D:\dhmt\project\OpenGL\main.cpp(207,52): warning C4305: 'argument': truncation from 'double' to 'float'
D:\dhmt\project\OpenGL\main.cpp(208,47): warning C4305: 'argument': truncation from 'double' to 'float'
D:\dhmt\project\OpenGL\main.cpp(214,26): warning C4305: 'initializing': truncation from 'double' to 'GLfloat'
D:\dhmt\project\OpenGL\main.cpp(214,35): warning C4305: 'initializing': truncation from 'double' to 'GLfloat'
D:\dhmt\project\OpenGL\main.cpp(216,42): warning C4305: 'argument': truncation from 'double' to 'float'
D:\dhmt\project\OpenGL\main.cpp(220,24): warning C4305: 'initializing': truncation from 'double' to 'GLfloat'
D:\dhmt\project\OpenGL\main.cpp(220,34): warning C4305: 'initializing': truncation from 'double' to 'GLfloat'
D:\dhmt\project\OpenGL\main.cpp(239,28): warning C4305: 'argument': truncation from 'double' to 'GLfloat'
D:\dhmt\project\OpenGL\main.cpp(240,27): warning C4305: 'argument': truncation from 'double' to 'GLfloat'
D:\dhmt\project\OpenGL\main.cpp(241,27): warning C4305: 'argument': truncation from 'double' to 'GLfloat'
D:\dhmt\project\OpenGL\main.cpp(242,28): warning C4305: 'argument': truncation from 'double' to 'GLfloat'
D:\dhmt\project\OpenGL\main.cpp(243,28): warning C4305: 'argument': truncation from 'double' to 'GLfloat'
D:\dhmt\project\OpenGL\main.cpp(244,27): warning C4305: 'argument': truncation from 'double' to 'GLfloat'
D:\dhmt\project\OpenGL\main.cpp(245,28): warning C4305: 'argument': truncation from 'double' to 'GLfloat'
D:\dhmt\project\OpenGL\main.cpp(246,27): warning C4305: 'argument': truncation from 'double' to 'GLfloat'
D:\dhmt\project\OpenGL\main.cpp(247,27): warning C4305: 'argument': truncation from 'double' to 'GLfloat'
D:\dhmt\project\OpenGL\main.cpp(248,27): warning C4305: 'argument': truncation from 'double' to 'GLfloat'
D:\dhmt\project\OpenGL\main.cpp(249,28): warning C4305: 'argument': truncation from 'double' to 'GLfloat'
D:\dhmt\project\OpenGL\main.cpp(250,28): warning C4305: 'argument': truncation from 'double' to 'GLfloat'
D:\dhmt\project\OpenGL\main.cpp(251,28): warning C4305: 'argument': truncation from 'double' to 'GLfloat'
D:\dhmt\project\OpenGL\main.cpp(256,30): warning C4305: 'argument': truncation from 'double' to 'GLfloat'
D:\dhmt\project\OpenGL\main.cpp(257,29): warning C4305: 'argument': truncation from 'double' to 'GLfloat'
D:\dhmt\project\OpenGL\main.cpp(258,28): warning C4305: 'argument': truncation from 'double' to 'GLfloat'
D:\dhmt\project\OpenGL\main.cpp(259,29): warning C4305: 'argument': truncation from 'double' to 'GLfloat'
D:\dhmt\project\OpenGL\main.cpp(260,29): warning C4305: 'argument': truncation from 'double' to 'GLfloat'
D:\dhmt\project\OpenGL\main.cpp(261,28): warning C4305: 'argument': truncation from 'double' to 'GLfloat'
D:\dhmt\project\OpenGL\main.cpp(262,28): warning C4305: 'argument': truncation from 'double' to 'GLfloat'
D:\dhmt\project\OpenGL\main.cpp(263,29): warning C4305: 'argument': truncation from 'double' to 'GLfloat'
D:\dhmt\project\OpenGL\main.cpp(264,29): warning C4305: 'argument': truncation from 'double' to 'GLfloat'
D:\dhmt\project\OpenGL\main.cpp(265,28): warning C4305: 'argument': truncation from 'double' to 'GLfloat'
D:\dhmt\project\OpenGL\main.cpp(266,29): warning C4305: 'argument': truncation from 'double' to 'GLfloat'
D:\dhmt\project\OpenGL\main.cpp(267,28): warning C4305: 'argument': truncation from 'double' to 'GLfloat'
D:\dhmt\project\OpenGL\main.cpp(268,28): warning C4305: 'argument': truncation from 'double' to 'GLfloat'
D:\dhmt\project\OpenGL\main.cpp(269,28): warning C4305: 'argument': truncation from 'double' to 'GLfloat'
D:\dhmt\project\OpenGL\main.cpp(270,29): warning C4305: 'argument': truncation from 'double' to 'GLfloat'
D:\dhmt\project\OpenGL\main.cpp(271,29): warning C4305: 'argument': truncation from 'double' to 'GLfloat'
D:\dhmt\project\OpenGL\main.cpp(272,29): warning C4305: 'argument': truncation from 'double' to 'GLfloat'
D:\dhmt\project\OpenGL\main.cpp(276,29): warning C4305: 'argument': truncation from 'double' to 'GLfloat'
D:\dhmt\project\OpenGL\main.cpp(277,30): warning C4305: 'argument': truncation from 'double' to 'GLfloat'
D:\dhmt\project\OpenGL\main.cpp(278,29): warning C4305: 'argument': truncation from 'double' to 'GLfloat'
D:\dhmt\project\OpenGL\main.cpp(279,30): warning C4305: 'argument': truncation from 'double' to 'GLfloat'
D:\dhmt\project\OpenGL\main.cpp(280,28): warning C4305: 'argument': truncation from 'double' to 'GLfloat'
D:\dhmt\project\OpenGL\main.cpp(281,29): warning C4305: 'argument': truncation from 'double' to 'GLfloat'
D:\dhmt\project\OpenGL\main.cpp(282,27): warning C4305: 'argument': truncation from 'double' to 'GLfloat'
D:\dhmt\project\OpenGL\main.cpp(283,28): warning C4305: 'argument': truncation from 'double' to 'GLfloat'
D:\dhmt\project\OpenGL\main.cpp(284,28): warning C4305: 'argument': truncation from 'double' to 'GLfloat'
D:\dhmt\project\OpenGL\main.cpp(285,29): warning C4305: 'argument': truncation from 'double' to 'GLfloat'
D:\dhmt\project\OpenGL\main.cpp(286,28): warning C4305: 'argument': truncation from 'double' to 'GLfloat'
D:\dhmt\project\OpenGL\main.cpp(287,29): warning C4305: 'argument': truncation from 'double' to 'GLfloat'
D:\dhmt\project\OpenGL\main.cpp(288,27): warning C4305: 'argument': truncation from 'double' to 'GLfloat'
D:\dhmt\project\OpenGL\main.cpp(289,28): warning C4305: 'argument': truncation from 'double' to 'GLfloat'
D:\dhmt\project\OpenGL\main.cpp(290,27): warning C4305: 'argument': truncation from 'double' to 'GLfloat'
D:\dhmt\project\OpenGL\main.cpp(291,28): warning C4305: 'argument': truncation from 'double' to 'GLfloat'
D:\dhmt\project\OpenGL\main.cpp(292,28): warning C4305: 'argument': truncation from 'double' to 'GLfloat'
D:\dhmt\project\OpenGL\main.cpp(293,29): warning C4305: 'argument': truncation from 'double' to 'GLfloat'
D:\dhmt\project\OpenGL\main.cpp(294,28): warning C4305: 'argument': truncation from 'double' to 'GLfloat'
D:\dhmt\project\OpenGL\main.cpp(295,29): warning C4305: 'argument': truncation from 'double' to 'GLfloat'
D:\dhmt\project\OpenGL\main.cpp(296,27): warning C4305: 'argument': truncation from 'double' to 'GLfloat'
D:\dhmt\project\OpenGL\main.cpp(297,28): warning C4305: 'argument': truncation from 'double' to 'GLfloat'
D:\dhmt\project\OpenGL\main.cpp(298,28): warning C4305: 'argument': truncation from 'double' to 'GLfloat'
D:\dhmt\project\OpenGL\main.cpp(299,29): warning C4305: 'argument': truncation from 'double' to 'GLfloat'
D:\dhmt\project\OpenGL\main.cpp(300,27): warning C4305: 'argument': truncation from 'double' to 'GLfloat'
D:\dhmt\project\OpenGL\main.cpp(301,28): warning C4305: 'argument': truncation from 'double' to 'GLfloat'
D:\dhmt\project\OpenGL\main.cpp(302,27): warning C4305: 'argument': truncation from 'double' to 'GLfloat'
D:\dhmt\project\OpenGL\main.cpp(303,28): warning C4305: 'argument': truncation from 'double' to 'GLfloat'
D:\dhmt\project\OpenGL\main.cpp(304,27): warning C4305: 'argument': truncation from 'double' to 'GLfloat'
D:\dhmt\project\OpenGL\main.cpp(305,28): warning C4305: 'argument': truncation from 'double' to 'GLfloat'
D:\dhmt\project\OpenGL\main.cpp(306,28): warning C4305: 'argument': truncation from 'double' to 'GLfloat'
D:\dhmt\project\OpenGL\main.cpp(307,29): warning C4305: 'argument': truncation from 'double' to 'GLfloat'
D:\dhmt\project\OpenGL\main.cpp(308,28): warning C4305: 'argument': truncation from 'double' to 'GLfloat'
D:\dhmt\project\OpenGL\main.cpp(309,29): warning C4305: 'argument': truncation from 'double' to 'GLfloat'
D:\dhmt\project\OpenGL\main.cpp(310,28): warning C4305: 'argument': truncation from 'double' to 'GLfloat'
D:\dhmt\project\OpenGL\main.cpp(311,29): warning C4305: 'argument': truncation from 'double' to 'GLfloat'
D:\dhmt\project\OpenGL\main.cpp(317,27): warning C4305: 'argument': truncation from 'double' to 'GLfloat'
D:\dhmt\project\OpenGL\main.cpp(318,28): warning C4305: 'argument': truncation from 'double' to 'GLfloat'
D:\dhmt\project\OpenGL\main.cpp(319,29): warning C4305: 'argument': truncation from 'double' to 'GLfloat'
D:\dhmt\project\OpenGL\main.cpp(320,28): warning C4305: 'argument': truncation from 'double' to 'GLfloat'
D:\dhmt\project\OpenGL\main.cpp(325,27): warning C4305: 'argument': truncation from 'double' to 'GLfloat'
D:\dhmt\project\OpenGL\main.cpp(326,28): warning C4305: 'argument': truncation from 'double' to 'GLfloat'
D:\dhmt\project\OpenGL\main.cpp(327,28): warning C4305: 'argument': truncation from 'double' to 'GLfloat'
D:\dhmt\project\OpenGL\main.cpp(328,27): warning C4305: 'argument': truncation from 'double' to 'GLfloat'
D:\dhmt\project\OpenGL\main.cpp(333,28): warning C4305: 'argument': truncation from 'double' to 'GLfloat'
D:\dhmt\project\OpenGL\main.cpp(334,29): warning C4305: 'argument': truncation from 'double' to 'GLfloat'
D:\dhmt\project\OpenGL\main.cpp(335,29): warning C4305: 'argument': truncation from 'double' to 'GLfloat'
D:\dhmt\project\OpenGL\main.cpp(336,28): warning C4305: 'argument': truncation from 'double' to 'GLfloat'
D:\dhmt\project\OpenGL\main.cpp(342,27): warning C4305: 'argument': truncation from 'double' to 'GLfloat'
D:\dhmt\project\OpenGL\main.cpp(343,28): warning C4305: 'argument': truncation from 'double' to 'GLfloat'
D:\dhmt\project\OpenGL\main.cpp(344,29): warning C4305: 'argument': truncation from 'double' to 'GLfloat'
D:\dhmt\project\OpenGL\main.cpp(345,28): warning C4305: 'argument': truncation from 'double' to 'GLfloat'
D:\dhmt\project\OpenGL\main.cpp(349,27): warning C4305: 'argument': truncation from 'double' to 'GLfloat'
D:\dhmt\project\OpenGL\main.cpp(350,28): warning C4305: 'argument': truncation from 'double' to 'GLfloat'
D:\dhmt\project\OpenGL\main.cpp(351,29): warning C4305: 'argument': truncation from 'double' to 'GLfloat'
D:\dhmt\project\OpenGL\main.cpp(352,28): warning C4305: 'argument': truncation from 'double' to 'GLfloat'
D:\dhmt\project\OpenGL\main.cpp(356,29): warning C4305: 'argument': truncation from 'double' to 'GLfloat'
D:\dhmt\project\OpenGL\main.cpp(357,29): warning C4305: 'argument': truncation from 'double' to 'GLfloat'
D:\dhmt\project\OpenGL\main.cpp(358,28): warning C4305: 'argument': truncation from 'double' to 'GLfloat'
D:\dhmt\project\OpenGL\main.cpp(359,29): warning C4305: 'argument': truncation from 'double' to 'GLfloat'
D:\dhmt\project\OpenGL\main.cpp(360,29): warning C4305: 'argument': truncation from 'double' to 'GLfloat'
D:\dhmt\project\OpenGL\main.cpp(361,28): warning C4305: 'argument': truncation from 'double' to 'GLfloat'
D:\dhmt\project\OpenGL\main.cpp(362,28): warning C4305: 'argument': truncation from 'double' to 'GLfloat'
D:\dhmt\project\OpenGL\main.cpp(366,28): warning C4305: 'argument': truncation from 'double' to 'GLfloat'
D:\dhmt\project\OpenGL\main.cpp(367,29): warning C4305: 'argument': truncation from 'double' to 'GLfloat'
D:\dhmt\project\OpenGL\main.cpp(368,28): warning C4305: 'argument': truncation from 'double' to 'GLfloat'
D:\dhmt\project\OpenGL\main.cpp(369,28): warning C4305: 'argument': truncation from 'double' to 'GLfloat'
D:\dhmt\project\OpenGL\main.cpp(374,27): warning C4305: 'argument': truncation from 'double' to 'GLfloat'
D:\dhmt\project\OpenGL\main.cpp(375,28): warning C4305: 'argument': truncation from 'double' to 'GLfloat'
D:\dhmt\project\OpenGL\main.cpp(376,27): warning C4305: 'argument': truncation from 'double' to 'GLfloat'
D:\dhmt\project\OpenGL\main.cpp(377,27): warning C4305: 'argument': truncation from 'double' to 'GLfloat'
D:\dhmt\project\OpenGL\main.cpp(382,30): warning C4305: 'argument': truncation from 'double' to 'GLfloat'
D:\dhmt\project\OpenGL\main.cpp(383,30): warning C4305: 'argument': truncation from 'double' to 'GLfloat'
D:\dhmt\project\OpenGL\main.cpp(384,29): warning C4305: 'argument': truncation from 'double' to 'GLfloat'
D:\dhmt\project\OpenGL\main.cpp(385,30): warning C4305: 'argument': truncation from 'double' to 'GLfloat'
D:\dhmt\project\OpenGL\main.cpp(386,30): warning C4305: 'argument': truncation from 'double' to 'GLfloat'
D:\dhmt\project\OpenGL\main.cpp(387,29): warning C4305: 'argument': truncation from 'double' to 'GLfloat'
D:\dhmt\project\OpenGL\main.cpp(388,29): warning C4305: 'argument': truncation from 'double' to 'GLfloat'
D:\dhmt\project\OpenGL\main.cpp(393,29): warning C4305: 'argument': truncation from 'double' to 'GLfloat'
D:\dhmt\project\OpenGL\main.cpp(394,30): warning C4305: 'argument': truncation from 'double' to 'GLfloat'
D:\dhmt\project\OpenGL\main.cpp(395,29): warning C4305: 'argument': truncation from 'double' to 'GLfloat'
D:\dhmt\project\OpenGL\main.cpp(396,29): warning C4305: 'argument': truncation from 'double' to 'GLfloat'
D:\dhmt\project\OpenGL\main.cpp(400,28): warning C4305: 'argument': truncation from 'double' to 'GLfloat'
D:\dhmt\project\OpenGL\main.cpp(401,29): warning C4305: 'argument': truncation from 'double' to 'GLfloat'
D:\dhmt\project\OpenGL\main.cpp(402,28): warning C4305: 'argument': truncation from 'double' to 'GLfloat'
D:\dhmt\project\OpenGL\main.cpp(403,28): warning C4305: 'argument': truncation from 'double' to 'GLfloat'
D:\dhmt\project\OpenGL\main.cpp(407,28): warning C4305: 'argument': truncation from 'double' to 'GLfloat'
D:\dhmt\project\OpenGL\main.cpp(408,29): warning C4305: 'argument': truncation from 'double' to 'GLfloat'
D:\dhmt\project\OpenGL\main.cpp(409,28): warning C4305: 'argument': truncation from 'double' to 'GLfloat'
D:\dhmt\project\OpenGL\main.cpp(410,28): warning C4305: 'argument': truncation from 'double' to 'GLfloat'
D:\dhmt\project\OpenGL\main.cpp(414,28): warning C4305: 'argument': truncation from 'double' to 'GLfloat'
D:\dhmt\project\OpenGL\main.cpp(415,28): warning C4305: 'argument': truncation from 'double' to 'GLfloat'
D:\dhmt\project\OpenGL\main.cpp(416,27): warning C4305: 'argument': truncation from 'double' to 'GLfloat'
D:\dhmt\project\OpenGL\main.cpp(417,27): warning C4305: 'argument': truncation from 'double' to 'GLfloat'
D:\dhmt\project\OpenGL\main.cpp(418,27): warning C4305: 'argument': truncation from 'double' to 'GLfloat'
D:\dhmt\project\OpenGL\main.cpp(422,28): warning C4305: 'argument': truncation from 'double' to 'GLfloat'
D:\dhmt\project\OpenGL\main.cpp(423,29): warning C4305: 'argument': truncation from 'double' to 'GLfloat'
D:\dhmt\project\OpenGL\main.cpp(424,28): warning C4305: 'argument': truncation from 'double' to 'GLfloat'
D:\dhmt\project\OpenGL\main.cpp(425,27): warning C4305: 'argument': truncation from 'double' to 'GLfloat'
D:\dhmt\project\OpenGL\main.cpp(429,26): warning C4305: 'argument': truncation from 'double' to 'GLfloat'
D:\dhmt\project\OpenGL\main.cpp(430,27): warning C4305: 'argument': truncation from 'double' to 'GLfloat'
D:\dhmt\project\OpenGL\main.cpp(431,28): warning C4305: 'argument': truncation from 'double' to 'GLfloat'
D:\dhmt\project\OpenGL\main.cpp(432,27): warning C4305: 'argument': truncation from 'double' to 'GLfloat'
D:\dhmt\project\OpenGL\main.cpp(436,27): warning C4305: 'argument': truncation from 'double' to 'GLfloat'
D:\dhmt\project\OpenGL\main.cpp(437,27): warning C4305: 'argument': truncation from 'double' to 'GLfloat'
D:\dhmt\project\OpenGL\main.cpp(438,28): warning C4305: 'argument': truncation from 'double' to 'GLfloat'
D:\dhmt\project\OpenGL\main.cpp(439,27): warning C4305: 'argument': truncation from 'double' to 'GLfloat'
D:\dhmt\project\OpenGL\main.cpp(444,27): warning C4305: 'argument': truncation from 'double' to 'GLfloat'
D:\dhmt\project\OpenGL\main.cpp(445,27): warning C4305: 'argument': truncation from 'double' to 'GLfloat'
D:\dhmt\project\OpenGL\main.cpp(446,28): warning C4305: 'argument': truncation from 'double' to 'GLfloat'
D:\dhmt\project\OpenGL\main.cpp(447,28): warning C4305: 'argument': truncation from 'double' to 'GLfloat'
D:\dhmt\project\OpenGL\main.cpp(452,28): warning C4305: 'argument': truncation from 'double' to 'GLfloat'
D:\dhmt\project\OpenGL\main.cpp(453,27): warning C4305: 'argument': truncation from 'double' to 'GLfloat'
D:\dhmt\project\OpenGL\main.cpp(454,28): warning C4305: 'argument': truncation from 'double' to 'GLfloat'
D:\dhmt\project\OpenGL\main.cpp(455,28): warning C4305: 'argument': truncation from 'double' to 'GLfloat'
D:\dhmt\project\OpenGL\main.cpp(456,27): warning C4305: 'argument': truncation from 'double' to 'GLfloat'
D:\dhmt\project\OpenGL\main.cpp(460,29): warning C4305: 'argument': truncation from 'double' to 'GLfloat'
D:\dhmt\project\OpenGL\main.cpp(461,30): warning C4305: 'argument': truncation from 'double' to 'GLfloat'
D:\dhmt\project\OpenGL\main.cpp(462,29): warning C4305: 'argument': truncation from 'double' to 'GLfloat'
D:\dhmt\project\OpenGL\main.cpp(463,29): warning C4305: 'argument': truncation from 'double' to 'GLfloat'
D:\dhmt\project\OpenGL\main.cpp(468,29): warning C4305: 'argument': truncation from 'double' to 'GLfloat'
D:\dhmt\project\OpenGL\main.cpp(469,29): warning C4305: 'argument': truncation from 'double' to 'GLfloat'
D:\dhmt\project\OpenGL\main.cpp(470,28): warning C4305: 'argument': truncation from 'double' to 'GLfloat'
D:\dhmt\project\OpenGL\main.cpp(471,28): warning C4305: 'argument': truncation from 'double' to 'GLfloat'
D:\dhmt\project\OpenGL\main.cpp(472,28): warning C4305: 'argument': truncation from 'double' to 'GLfloat'
D:\dhmt\project\OpenGL\main.cpp(476,29): warning C4305: 'argument': truncation from 'double' to 'GLfloat'
D:\dhmt\project\OpenGL\main.cpp(477,30): warning C4305: 'argument': truncation from 'double' to 'GLfloat'
D:\dhmt\project\OpenGL\main.cpp(478,29): warning C4305: 'argument': truncation from 'double' to 'GLfloat'
D:\dhmt\project\OpenGL\main.cpp(479,28): warning C4305: 'argument': truncation from 'double' to 'GLfloat'
D:\dhmt\project\OpenGL\main.cpp(483,27): warning C4305: 'argument': truncation from 'double' to 'GLfloat'
D:\dhmt\project\OpenGL\main.cpp(484,28): warning C4305: 'argument': truncation from 'double' to 'GLfloat'
D:\dhmt\project\OpenGL\main.cpp(485,29): warning C4305: 'argument': truncation from 'double' to 'GLfloat'
D:\dhmt\project\OpenGL\main.cpp(486,28): warning C4305: 'argument': truncation from 'double' to 'GLfloat'
D:\dhmt\project\OpenGL\main.cpp(490,28): warning C4305: 'argument': truncation from 'double' to 'GLfloat'
D:\dhmt\project\OpenGL\main.cpp(491,28): warning C4305: 'argument': truncation from 'double' to 'GLfloat'
D:\dhmt\project\OpenGL\main.cpp(492,29): warning C4305: 'argument': truncation from 'double' to 'GLfloat'
D:\dhmt\project\OpenGL\main.cpp(493,28): warning C4305: 'argument': truncation from 'double' to 'GLfloat'
D:\dhmt\project\OpenGL\main.cpp(497,28): warning C4305: 'argument': truncation from 'double' to 'GLfloat'
D:\dhmt\project\OpenGL\main.cpp(498,28): warning C4305: 'argument': truncation from 'double' to 'GLfloat'
D:\dhmt\project\OpenGL\main.cpp(499,29): warning C4305: 'argument': truncation from 'double' to 'GLfloat'
D:\dhmt\project\OpenGL\main.cpp(500,29): warning C4305: 'argument': truncation from 'double' to 'GLfloat'
D:\dhmt\project\OpenGL\main.cpp(504,29): warning C4305: 'argument': truncation from 'double' to 'GLfloat'
D:\dhmt\project\OpenGL\main.cpp(505,29): warning C4305: 'argument': truncation from 'double' to 'GLfloat'
D:\dhmt\project\OpenGL\main.cpp(506,29): warning C4305: 'argument': truncation from 'double' to 'GLfloat'
D:\dhmt\project\OpenGL\main.cpp(507,29): warning C4305: 'argument': truncation from 'double' to 'GLfloat'
D:\dhmt\project\OpenGL\main.cpp(508,28): warning C4305: 'argument': truncation from 'double' to 'GLfloat'
D:\dhmt\project\OpenGL\main.cpp(514,28): warning C4305: 'argument': truncation from 'double' to 'GLfloat'
D:\dhmt\project\OpenGL\main.cpp(515,27): warning C4305: 'argument': truncation from 'double' to 'GLfloat'
D:\dhmt\project\OpenGL\main.cpp(516,27): warning C4305: 'argument': truncation from 'double' to 'GLfloat'
D:\dhmt\project\OpenGL\main.cpp(517,28): warning C4305: 'argument': truncation from 'double' to 'GLfloat'
D:\dhmt\project\OpenGL\main.cpp(522,29): warning C4305: 'argument': truncation from 'double' to 'GLfloat'
D:\dhmt\project\OpenGL\main.cpp(523,28): warning C4305: 'argument': truncation from 'double' to 'GLfloat'
D:\dhmt\project\OpenGL\main.cpp(524,28): warning C4305: 'argument': truncation from 'double' to 'GLfloat'
D:\dhmt\project\OpenGL\main.cpp(525,29): warning C4305: 'argument': truncation from 'double' to 'GLfloat'
D:\dhmt\project\OpenGL\main.cpp(530,28): warning C4305: 'argument': truncation from 'double' to 'GLfloat'
D:\dhmt\project\OpenGL\main.cpp(531,28): warning C4305: 'argument': truncation from 'double' to 'GLfloat'
D:\dhmt\project\OpenGL\main.cpp(532,28): warning C4305: 'argument': truncation from 'double' to 'GLfloat'
D:\dhmt\project\OpenGL\main.cpp(533,28): warning C4305: 'argument': truncation from 'double' to 'GLfloat'
D:\dhmt\project\OpenGL\main.cpp(537,29): warning C4305: 'argument': truncation from 'double' to 'GLfloat'
D:\dhmt\project\OpenGL\main.cpp(538,29): warning C4305: 'argument': truncation from 'double' to 'GLfloat'
D:\dhmt\project\OpenGL\main.cpp(539,29): warning C4305: 'argument': truncation from 'double' to 'GLfloat'
D:\dhmt\project\OpenGL\main.cpp(540,29): warning C4305: 'argument': truncation from 'double' to 'GLfloat'
D:\dhmt\project\OpenGL\main.cpp(546,27): warning C4305: 'argument': truncation from 'double' to 'GLfloat'
D:\dhmt\project\OpenGL\main.cpp(547,28): warning C4305: 'argument': truncation from 'double' to 'GLfloat'
D:\dhmt\project\OpenGL\main.cpp(548,29): warning C4305: 'argument': truncation from 'double' to 'GLfloat'
D:\dhmt\project\OpenGL\main.cpp(549,28): warning C4305: 'argument': truncation from 'double' to 'GLfloat'
D:\dhmt\project\OpenGL\main.cpp(553,30): warning C4305: 'argument': truncation from 'double' to 'GLfloat'
D:\dhmt\project\OpenGL\main.cpp(554,25): warning C4305: 'argument': truncation from 'double' to 'GLfloat'
D:\dhmt\project\OpenGL\main.cpp(556,29): warning C4305: 'argument': truncation from 'double' to 'GLfloat'
D:\dhmt\project\OpenGL\main.cpp(559,29): warning C4305: 'argument': truncation from 'double' to 'GLfloat'
D:\dhmt\project\OpenGL\main.cpp(561,30): warning C4305: 'argument': truncation from 'double' to 'GLfloat'
D:\dhmt\project\OpenGL\main.cpp(563,28): warning C4305: 'argument': truncation from 'double' to 'GLfloat'
D:\dhmt\project\OpenGL\main.cpp(565,30): warning C4305: 'argument': truncation from 'double' to 'GLfloat'
D:\dhmt\project\OpenGL\main.cpp(569,29): warning C4305: 'argument': truncation from 'double' to 'GLfloat'
D:\dhmt\project\OpenGL\main.cpp(580,30): warning C4305: 'argument': truncation from 'double' to 'GLfloat'
D:\dhmt\project\OpenGL\main.cpp(581,26): warning C4305: 'argument': truncation from 'double' to 'GLfloat'
D:\dhmt\project\OpenGL\main.cpp(582,26): warning C4305: 'argument': truncation from 'double' to 'GLfloat'
D:\dhmt\project\OpenGL\main.cpp(583,26): warning C4305: 'argument': truncation from 'double' to 'GLfloat'
D:\dhmt\project\OpenGL\main.cpp(584,25): warning C4305: 'argument': truncation from 'double' to 'GLfloat'
D:\dhmt\project\OpenGL\main.cpp(589,29): warning C4305: 'argument': truncation from 'double' to 'GLfloat'
D:\dhmt\project\OpenGL\main.cpp(590,30): warning C4305: 'argument': truncation from 'double' to 'GLfloat'
D:\dhmt\project\OpenGL\main.cpp(591,29): warning C4305: 'argument': truncation from 'double' to 'GLfloat'
D:\dhmt\project\OpenGL\main.cpp(592,28): warning C4305: 'argument': truncation from 'double' to 'GLfloat'
D:\dhmt\project\OpenGL\main.cpp(597,28): warning C4305: 'argument': truncation from 'double' to 'GLfloat'
D:\dhmt\project\OpenGL\main.cpp(598,28): warning C4305: 'argument': truncation from 'double' to 'GLfloat'
D:\dhmt\project\OpenGL\main.cpp(599,29): warning C4305: 'argument': truncation from 'double' to 'GLfloat'
D:\dhmt\project\OpenGL\main.cpp(600,29): warning C4305: 'argument': truncation from 'double' to 'GLfloat'
D:\dhmt\project\OpenGL\main.cpp(605,29): warning C4305: 'argument': truncation from 'double' to 'GLfloat'
D:\dhmt\project\OpenGL\main.cpp(606,29): warning C4305: 'argument': truncation from 'double' to 'GLfloat'
D:\dhmt\project\OpenGL\main.cpp(607,30): warning C4305: 'argument': truncation from 'double' to 'GLfloat'
D:\dhmt\project\OpenGL\main.cpp(608,30): warning C4305: 'argument': truncation from 'double' to 'GLfloat'
D:\dhmt\project\OpenGL\main.cpp(614,27): warning C4305: 'argument': truncation from 'double' to 'GLfloat'
D:\dhmt\project\OpenGL\main.cpp(615,26): warning C4305: 'argument': truncation from 'double' to 'GLfloat'
D:\dhmt\project\OpenGL\main.cpp(616,27): warning C4305: 'argument': truncation from 'double' to 'GLfloat'
D:\dhmt\project\OpenGL\main.cpp(617,28): warning C4305: 'argument': truncation from 'double' to 'GLfloat'
D:\dhmt\project\OpenGL\main.cpp(622,28): warning C4305: 'argument': truncation from 'double' to 'GLfloat'
D:\dhmt\project\OpenGL\main.cpp(623,27): warning C4305: 'argument': truncation from 'double' to 'GLfloat'
D:\dhmt\project\OpenGL\main.cpp(624,28): warning C4305: 'argument': truncation from 'double' to 'GLfloat'
D:\dhmt\project\OpenGL\main.cpp(625,29): warning C4305: 'argument': truncation from 'double' to 'GLfloat'
D:\dhmt\project\OpenGL\main.cpp(630,27): warning C4305: 'argument': truncation from 'double' to 'GLfloat'
D:\dhmt\project\OpenGL\main.cpp(631,27): warning C4305: 'argument': truncation from 'double' to 'GLfloat'
D:\dhmt\project\OpenGL\main.cpp(632,28): warning C4305: 'argument': truncation from 'double' to 'GLfloat'
D:\dhmt\project\OpenGL\main.cpp(633,28): warning C4305: 'argument': truncation from 'double' to 'GLfloat'
D:\dhmt\project\OpenGL\main.cpp(640,28): warning C4305: 'argument': truncation from 'double' to 'GLfloat'
D:\dhmt\project\OpenGL\main.cpp(641,28): warning C4305: 'argument': truncation from 'double' to 'GLfloat'
D:\dhmt\project\OpenGL\main.cpp(642,29): warning C4305: 'argument': truncation from 'double' to 'GLfloat'
D:\dhmt\project\OpenGL\main.cpp(643,29): warning C4305: 'argument': truncation from 'double' to 'GLfloat'
D:\dhmt\project\OpenGL\main.cpp(654,33): warning C4305: 'argument': truncation from 'double' to 'const GLfloat'
D:\dhmt\project\OpenGL\main.cpp(687,34): warning C4305: 'argument': truncation from 'double' to 'GLclampf'
D:\dhmt\project\OpenGL\main.cpp(689,37): warning C4305: 'argument': truncation from 'double' to 'GLfloat'
D:\dhmt\project\OpenGL\main.cpp(740,11): warning C4305: '=': truncation from 'double' to 'GLfloat'
  OpenGL.vcxproj -> D:\dhmt\project\Debug\OpenGL.exe
